[debug] [2025-06-24T21:47:22.770Z] ----------------------------------------------------------------------
[debug] [2025-06-24T21:47:22.774Z] Command:       C:\Program Files\nodejs\node.exe C:\Users\Cyberland\AppData\Roaming\npm\node_modules\firebase-tools\lib\bin\firebase.js init
[debug] [2025-06-24T21:47:22.775Z] CLI Version:   13.31.2
[debug] [2025-06-24T21:47:22.775Z] Platform:      win32
[debug] [2025-06-24T21:47:22.775Z] Node Version:  v22.14.0
[debug] [2025-06-24T21:47:22.776Z] Time:          Wed Jun 25 2025 02:47:22 GMT+0500 (Pakistan Standard Time)
[debug] [2025-06-24T21:47:22.776Z] ----------------------------------------------------------------------
[debug] 
[debug] [2025-06-24T21:47:22.784Z] > command requires scopes: ["email","openid","https://www.googleapis.com/auth/cloudplatformprojects.readonly","https://www.googleapis.com/auth/firebase","https://www.googleapis.com/auth/cloud-platform"]
[debug] [2025-06-24T21:47:22.785Z] > authorizing via signed-in user (mimiafifa827@gmail.com)
[info] 
     ######## #### ########  ######## ########     ###     ######  ########
     ##        ##  ##     ## ##       ##     ##  ##   ##  ##       ##
     ######    ##  ########  ######   ########  #########  ######  ######
     ##        ##  ##    ##  ##       ##     ## ##     ##       ## ##
     ##       #### ##     ## ######## ########  ##     ##  ######  ########

You're about to initialize a Firebase project in this directory:

  D:\HTML-CSS\HunarSaaz

[info] 
=== Project Setup
[info] 
[info] First, let's associate this project directory with a Firebase project.
[info] You can create multiple project aliases by running firebase use --add, 
[info] but for now we'll just set up a default project.
[info] 
[debug] [2025-06-24T21:48:07.582Z] Checked if tokens are valid: false, expires at: 1750716384347
[debug] [2025-06-24T21:48:07.583Z] Checked if tokens are valid: false, expires at: 1750716384347
[debug] [2025-06-24T21:48:07.584Z] > refreshing access token with scopes: []
[debug] [2025-06-24T21:48:07.594Z] >>> [apiv2][query] POST https://www.googleapis.com/oauth2/v3/token [none]
[debug] [2025-06-24T21:48:07.595Z] >>> [apiv2][body] POST https://www.googleapis.com/oauth2/v3/token [omitted]
[debug] [2025-06-24T21:48:08.049Z] <<< [apiv2][status] POST https://www.googleapis.com/oauth2/v3/token 200
[debug] [2025-06-24T21:48:08.049Z] <<< [apiv2][body] POST https://www.googleapis.com/oauth2/v3/token [omitted]
[debug] [2025-06-24T21:48:08.059Z] >>> [apiv2][query] GET https://firebase.googleapis.com/v1beta1/projects pageSize=100
[debug] [2025-06-24T21:48:08.676Z] <<< [apiv2][status] GET https://firebase.googleapis.com/v1beta1/projects 200
[debug] [2025-06-24T21:48:08.677Z] <<< [apiv2][body] GET https://firebase.googleapis.com/v1beta1/projects [omitted]
[info] i  Using project hunarsaaz-d9ea6 (Hunarsaaz) 
[info] 
=== Hosting Setup
[debug] [2025-06-24T21:48:11.580Z] Checked if tokens are valid: true, expires at: 1750805287049
[debug] [2025-06-24T21:48:11.580Z] Checked if tokens are valid: true, expires at: 1750805287049
[debug] [2025-06-24T21:48:11.581Z] >>> [apiv2][query] GET https://firebase.googleapis.com/v1beta1/projects/hunarsaaz-d9ea6 [none]
[debug] [2025-06-24T21:48:11.999Z] <<< [apiv2][status] GET https://firebase.googleapis.com/v1beta1/projects/hunarsaaz-d9ea6 200
[debug] [2025-06-24T21:48:12.000Z] <<< [apiv2][body] GET https://firebase.googleapis.com/v1beta1/projects/hunarsaaz-d9ea6 {"projectId":"hunarsaaz-d9ea6","projectNumber":"1086080055182","displayName":"Hunarsaaz","name":"projects/hunarsaaz-d9ea6","resources":{"hostingSite":"hunarsaaz-d9ea6","realtimeDatabaseInstance":"hunarsaaz-d9ea6-default-rtdb"},"state":"ACTIVE","etag":"1_90922b00-fde4-478c-8ad7-2e94941fb6d2"}
[info] 
[info] Your public directory is the folder (relative to your project directory) that
[info] will contain Hosting assets to be uploaded with firebase deploy. If you
[info] have a build process for your assets, use your build's output directory.
[info] 
